0 verbose cli C:\Program Files\nodejs\node.exe C:\Program Files\nodejs\node_modules\npm\bin\npm-cli.js
1 info using npm@10.5.0
2 info using node@v20.12.2
3 timing npm:load:whichnode Completed in 4ms
4 timing config:load:defaults Completed in 5ms
5 timing config:load:file:C:\Program Files\nodejs\node_modules\npm\npmrc Completed in 8ms
6 timing config:load:builtin Completed in 8ms
7 timing config:load:cli Completed in 5ms
8 timing config:load:env Completed in 2ms
9 timing config:load:file:E:\appdefinitiva\organizador-mensual\.npmrc Completed in 0ms
10 timing config:load:project Completed in 4ms
11 timing config:load:file:C:\Users\adrin\.npmrc Completed in 0ms
12 timing config:load:user Completed in 1ms
13 timing config:load:file:E:\appdefinitiva\organizador-mensual\npm\etc\npmrc Completed in 0ms
14 timing config:load:global Completed in 0ms
15 timing config:load:setEnvs Completed in 2ms
16 timing config:load Completed in 28ms
17 timing npm:load:configload Completed in 28ms
18 timing config:load:flatten Completed in 7ms
19 timing npm:load:mkdirpcache Completed in 2ms
20 timing npm:load:mkdirplogs Completed in 2ms
21 verbose title npm config get registry
22 verbose argv "config" "get" "registry"
23 timing npm:load:setTitle Completed in 3ms
24 timing npm:load:display Completed in 1ms
25 verbose logfile logs-max:10 dir:E:\appdefinitiva\organizador-mensual\npm-cache\_logs\2024-05-10T15_58_32_840Z-
26 verbose logfile E:\appdefinitiva\organizador-mensual\npm-cache\_logs\2024-05-10T15_58_32_840Z-debug-0.log
27 timing npm:load:logFile Completed in 45ms
28 timing npm:load:timers Completed in 0ms
29 timing npm:load:configScope Completed in 1ms
30 timing npm:load Completed in 160ms
31 timing command:config Completed in 7ms
32 verbose exit 0
33 timing npm Completed in 377ms
34 info ok
